#
# A fatal error has been detected by the Java Runtime Environment:
#
#  SIGSEGV (0xb) at pc=0x00007fff6367866c, pid=9952, tid=0x0000000000000307
#
# JRE version: Java(TM) SE Runtime Environment (8.0_271-b09) (build 1.8.0_271-b09)
# Java VM: Java HotSpot(TM) 64-Bit Server VM (25.271-b09 mixed mode bsd-amd64 compressed oops)
# Problematic frame:
# C  [SkyLight+0xd666c]  SLEventGetIntegerValueField+0x182
#
# Failed to write core dump. Core dumps have been disabled. To enable core dumping, try "ulimit -c unlimited" before starting Java again
#
# If you would like to submit a bug report, please visit:
#   http://bugreport.java.com/bugreport/crash.jsp
# The crash happened outside the Java Virtual Machine in native code.
# See problematic frame for where to report the bug.
#

---------------  T H R E A D  ---------------

Current thread (0x00007ff4b7074000):  JavaThread "JavaFX Application Thread" [_thread_in_native, id=775, stack(0x00007ffee5deb000,0x00007ffee65eb000)]

siginfo: si_signo: 11 (SIGSEGV), si_code: 0 (unknown), si_addr: 0x0000000000000000

Registers:
RAX=0x869f439e7b99001b, RBX=0x00007ff4a7669800, RCX=0x00187ff4b89e8d80, RDX=0x00000000ffffffe2
RSP=0x00007ffee65e5ee0, RBP=0x00007ffee65e5f00, RSI=0x0000000000000009, RDI=0x00007ff4b89b14c0
R8 =0x000000000000001f, R9 =0x00007fff333a6285, R10=0x00007fff8be898e0, R11=0x00007fff3446ab10
R12=0x00007ff4b89b14c0, R13=0x00007ff4b6c40030, R14=0x00007ff4bb08c278, R15=0x00007ff4a7669830
RIP=0x00007fff6367866c, EFLAGS=0x0000000000010287, ERR=0x0000000000000000
  TRAPNO=0x000000000000000d

Top of Stack: (sp=0x00007ffee65e5ee0)
0x00007ffee65e5ee0:   00007ff4b89b14c0 00007ff4b6c40030
0x00007ffee65e5ef0:   869f439e7b99001b 00007ff4a7669800
0x00007ffee65e5f00:   00007ff4a7669800 000000012961e602
0x00007ffee65e5f10:   0000000000000008 00007ff4c1e8cd70
0x00007ffee65e5f20:   00007ff4c1e8cd70 0000000000000001
0x00007ffee65e5f30:   0000000000000008 0000000000000000
0x00007ffee65e5f40:   0000000000000004 00007ff4bb08c270
0x00007ffee65e5f50:   0000000000000001 0000000000000000
0x00007ffee65e5f60:   00007ff4bb08c270 0000000300002e88
0x00007ffee65e5f70:   00007ffee65e5f90 000000012962062b
0x00007ffee65e5f80:   0000000129620600 00007fff344e5d52
0x00007ffee65e5f90:   00007ffee65e5fc0 00007fff344e5cf1
0x00007ffee65e5fa0:   00007ff4b8e498b0 00007ff4b6e04880
0x00007ffee65e5fb0:   0000000000000001 0000000000000002
0x00007ffee65e5fc0:   00007ffee65e6030 00007fff344e5b67
0x00007ffee65e5fd0:   00007ff4b6e046f0 0000000000000001
0x00007ffee65e5fe0:   00007ff4b6e04890 00007ff4b6e04700
0x00007ffee65e5ff0:   00000001b6e046f0 00007ff4c1eb2500
0x00007ffee65e6000:   869f439e7b99001b 00007ff4b6e046f0
0x00007ffee65e6010:   0000000000000001 0000000000000d01
0x00007ffee65e6020:   0000000000000c03 00007ff4b6e04880
0x00007ffee65e6030:   00007ffee65e6d40 00007fff344e483a
0x00007ffee65e6040:   00007ff4b6e046f0 00007ff4b6e04880
0x00007ffee65e6050:   00007ff4b7074000 0000000000000d03
0x00007ffee65e6060:   0000000000000e03 00007fff8bd52cc0
0x00007ffee65e6070:   00007fff7873b9a1 00007fff7874ef27
0x00007ffee65e6080:   00007fff787409e8 00007ff4c13c9390
0x00007ffee65e6090:   ffffffffffffffff 00007ff4c13c93a0
0x00007ffee65e60a0:   00007ff4b6e04890 00007ff4b6e04700
0x00007ffee65e60b0:   0000000000000000 0000000000000000
0x00007ffee65e60c0:   0000000000000000 0000000100000000
0x00007ffee65e60d0:   422d18b781c66026 000000000b337ff8 

Instructions: (pc=0x00007fff6367866c)
0x00007fff6367864c:   b7 41 64 e9 c4 02 00 00 0f b7 81 d8 00 00 00 e9
0x00007fff6367865c:   b8 02 00 00 0f b7 81 da 00 00 00 e9 ac 02 00 00
0x00007fff6367866c:   8b 51 08 31 c0 8d 7a ff 83 ff 1e 0f 87 9b 02 00
0x00007fff6367867c:   00 48 8d 1d 90 08 00 00 48 63 3c bb 48 01 df ff 

Register to memory mapping:

RAX=0x869f439e7b99001b is an unknown value
RBX=0x00007ff4a7669800 is an unknown value
RCX=0x00187ff4b89e8d80 is an unknown value
RDX=0x00000000ffffffe2 is an unknown value
RSP=0x00007ffee65e5ee0 is pointing into the stack for thread: 0x00007ff4b7074000
RBP=0x00007ffee65e5f00 is pointing into the stack for thread: 0x00007ff4b7074000
RSI=0x0000000000000009 is an unknown value
RDI=0x00007ff4b89b14c0 is an unknown value
R8 =0x000000000000001f is an unknown value
R9 =0x00007fff333a6285: kHIToolboxVersionNumber+0x1090d in /System/Library/Frameworks/Carbon.framework/Versions/A/Frameworks/HIToolbox.framework/Versions/A/HIToolbox at 0x00007fff330e1000
R10=0x00007fff8be898e0: __CFConstantStringClassReference+0 in /System/Library/Frameworks/CoreFoundation.framework/Versions/A/CoreFoundation at 0x00007fff34462000
R11=0x00007fff3446ab10: -[__NSCFString isEqual:]+0 in /System/Library/Frameworks/CoreFoundation.framework/Versions/A/CoreFoundation at 0x00007fff34462000
R12=0x00007ff4b89b14c0 is an unknown value
R13=0x00007ff4b6c40030 is an unknown value
R14=0x00007ff4bb08c278 is an unknown value
R15=0x00007ff4a7669830 is an unknown value


Stack: [0x00007ffee5deb000,0x00007ffee65eb000],  sp=0x00007ffee65e5ee0,  free space=8171k
Native frames: (J=compiled Java code, j=interpreted, Vv=VM code, C=native code)
C  [SkyLight+0xd666c]  SLEventGetIntegerValueField+0x182
C  [libJNativeHook-2.1.0.x86_64.dylib+0x3602]  keycode_to_unicode+0x132


---------------  P R O C E S S  ---------------

Java Threads: ( => current thread )
  0x00007ff4c3321800 JavaThread "pool-5-thread-1" [_thread_in_native, id=101907, stack(0x00007000069cf000,0x0000700006acf000)]
  0x00007ff4bbb08800 JavaThread "pool-2-thread-5" [_thread_blocked, id=107779, stack(0x000070000653a000,0x000070000663a000)]
  0x00007ff4baf6a000 JavaThread "pool-2-thread-4" [_thread_blocked, id=132939, stack(0x000070000726a000,0x000070000736a000)]
  0x00007ff4b7bfe800 JavaThread "Thread-9" daemon [_thread_in_native, id=69703, stack(0x000070000811a000,0x000070000819a000)]
  0x00007ff4b7c70000 JavaThread "Disposer" daemon [_thread_blocked, id=33799, stack(0x00007000062ae000,0x00007000063ae000)]
  0x00007ff4b7996800 JavaThread "PulseTimer-CVDisplayLink thread" daemon [_thread_in_native, id=33379, stack(0x0000700005684000,0x0000700005704000)]
  0x00007ff4b900d000 JavaThread "AWT-Shutdown" [_thread_blocked, id=60423, stack(0x00007000070e4000,0x00007000071e4000)]
  0x00007ff4ba280800 JavaThread "Java2D Queue Flusher" daemon [_thread_blocked, id=57879, stack(0x0000700006fe1000,0x00007000070e1000)]
  0x00007ff4bba1f000 JavaThread "Java2D Disposer" daemon [_thread_blocked, id=57111, stack(0x0000700006ede000,0x0000700006fde000)]
  0x00007ff4b70d3000 JavaThread "Attach Listener" daemon [_thread_blocked, id=77875, stack(0x0000700006ddb000,0x0000700006edb000)]
  0x00007ff4b70bc800 JavaThread "logback-1" daemon [_thread_blocked, id=54531, stack(0x0000700006cd8000,0x0000700006dd8000)]
  0x00007ff4ba291000 JavaThread "JNativeHook Dispatch Thread" daemon [_thread_blocked, id=77571, stack(0x0000700006bd5000,0x0000700006cd5000)]
  0x00007ff4bba1b000 JavaThread "JNativeHook Hook Thread" [_thread_in_native, id=52739, stack(0x0000700006ad2000,0x0000700006bd2000)]
  0x00007ff4b78dc800 JavaThread "Prism Font Disposer" daemon [_thread_blocked, id=80387, stack(0x00007000068cc000,0x00007000069cc000)]
  0x00007ff4be022000 JavaThread "JavaFX-Launcher" [_thread_blocked, id=81411, stack(0x00007000066c6000,0x00007000067c6000)]
=>0x00007ff4b7074000 JavaThread "JavaFX Application Thread" [_thread_in_native, id=775, stack(0x00007ffee5deb000,0x00007ffee65eb000)]
  0x00007ff4b7888000 JavaThread "Thread-1" daemon [_thread_blocked, id=40203, stack(0x0000700006022000,0x0000700006122000)]
  0x00007ff4b7067800 JavaThread "QuantumRenderer-0" daemon [_thread_blocked, id=42499, stack(0x0000700005f1f000,0x000070000601f000)]
  0x00007ff4ba815000 JavaThread "Service Thread" daemon [_thread_blocked, id=43267, stack(0x0000700005d19000,0x0000700005e19000)]
  0x00007ff4bf808800 JavaThread "C1 CompilerThread3" daemon [_thread_blocked, id=21763, stack(0x0000700005c16000,0x0000700005d16000)]
  0x00007ff4b7822800 JavaThread "C2 CompilerThread2" daemon [_thread_blocked, id=15363, stack(0x0000700005b13000,0x0000700005c13000)]
  0x00007ff4b800a000 JavaThread "C2 CompilerThread1" daemon [_thread_blocked, id=15107, stack(0x0000700005a10000,0x0000700005b10000)]
  0x00007ff4be00b000 JavaThread "C2 CompilerThread0" daemon [_thread_blocked, id=16387, stack(0x000070000590d000,0x0000700005a0d000)]
  0x00007ff4bb839000 JavaThread "Monitor Ctrl-Break" daemon [_thread_in_native, id=14851, stack(0x000070000580a000,0x000070000590a000)]
  0x00007ff4b7031800 JavaThread "Signal Dispatcher" daemon [_thread_blocked, id=16899, stack(0x0000700005707000,0x0000700005807000)]
  0x00007ff4bb836000 JavaThread "Finalizer" daemon [_thread_blocked, id=18947, stack(0x00007000054fe000,0x00007000055fe000)]
  0x00007ff4bb833000 JavaThread "Reference Handler" daemon [_thread_blocked, id=19203, stack(0x00007000053fb000,0x00007000054fb000)]
  0x00007ff4ba009800 JavaThread "main" [_thread_blocked, id=4099, stack(0x00007000047d7000,0x00007000048d7000)]

Other Threads:
  0x00007ff4ba80e800 VMThread [stack: 0x00007000052f8000,0x00007000053f8000] [id=12291]
  0x00007ff4b903e800 WatcherThread [stack: 0x0000700005e1c000,0x0000700005f1c000] [id=43011]

VM state:not at safepoint (normal execution)

VM Mutex/Monitor currently owned by a thread: None

heap address: 0x00000006c0000000, size: 4096 MB, Compressed Oops mode: Zero based, Oop shift amount: 3
Narrow klass base: 0x0000000000000000, Narrow klass shift: 3
Compressed class space size: 1073741824 Address: 0x00000007c0000000

Heap:
 PSYoungGen      total 595456K, used 54625K [0x000000076ab00000, 0x0000000791a00000, 0x00000007c0000000)
  eden space 587776K, 8% used [0x000000076ab00000,0x000000076d93ffd8,0x000000078e900000)
  from space 7680K, 94% used [0x0000000791280000,0x0000000791998440,0x0000000791a00000)
  to   space 24576K, 0% used [0x000000078ea00000,0x000000078ea00000,0x0000000790200000)
 ParOldGen       total 131584K, used 63338K [0x00000006c0000000, 0x00000006c8080000, 0x000000076ab00000)
  object space 131584K, 48% used [0x00000006c0000000,0x00000006c3ddaa98,0x00000006c8080000)
 Metaspace       used 56588K, capacity 59704K, committed 59904K, reserved 1101824K
  class space    used 7281K, capacity 7934K, committed 7936K, reserved 1048576K

Card table byte_map: [0x000000010c1ce000,0x000000010c9cf000] byte_map_base: 0x0000000108bce000

Marking Bits: (ParMarkBitMap*) 0x000000010b729768
 Begin Bits: [0x000000010cf25000, 0x0000000110f25000)
 End Bits:   [0x0000000110f25000, 0x0000000114f25000)

Polling page: 0x000000010968f000

CodeCache: size=245760Kb used=34840Kb max_used=35137Kb free=210919Kb
 bounds [0x0000000116f1b000, 0x00000001191bb000, 0x0000000125f1b000]
 total_blobs=11095 nmethods=10078 adapters=928
 compilation: enabled

Compilation events (10 events):
Event: 381.015 Thread 0x00007ff4be00b000 12896       4       org.jsoup.parser.TokeniserState$39::read (177 bytes)
Event: 381.054 Thread 0x00007ff4be00b000 nmethod 12896 0x0000000119103850 code [0x0000000119103bc0, 0x0000000119105d78]
Event: 381.158 Thread 0x00007ff4bf808800 12897   !   3       cn.hutool.core.thread.ThreadUtil::sleep (18 bytes)
Event: 381.159 Thread 0x00007ff4bf808800 nmethod 12897 0x0000000117b19010 code [0x0000000117b19180, 0x0000000117b19368]
Event: 381.159 Thread 0x00007ff4bf808800 12898       3       javafx.scene.control.ProgressIndicator$2::invalidated (25 bytes)
Event: 381.160 Thread 0x00007ff4bf808800 nmethod 12898 0x0000000117557350 code [0x0000000117557560, 0x0000000117557ee8]
Event: 381.160 Thread 0x00007ff4bf808800 12899       3       javafx.scene.control.ProgressIndicator::access$200 (6 bytes)
Event: 381.161 Thread 0x00007ff4bf808800 nmethod 12899 0x0000000119175310 code [0x00000001191754c0, 0x00000001191759f8]
Event: 381.166 Thread 0x00007ff4bf808800 12900       3       javafx.scene.effect.InnerShadow::getInput (22 bytes)
Event: 381.167 Thread 0x00007ff4bf808800 nmethod 12900 0x00000001174b59d0 code [0x00000001174b5b60, 0x00000001174b5ec8]

GC Heap History (10 events):
Event: 7.767 GC heap before
{Heap before GC invocations=10 (full 2):
 PSYoungGen      total 183296K, used 176242K [0x000000076ab00000, 0x000000077f680000, 0x00000007c0000000)
  eden space 169984K, 100% used [0x000000076ab00000,0x0000000775100000,0x0000000775100000)
  from space 13312K, 47% used [0x0000000775100000,0x000000077571cba8,0x0000000775e00000)
  to   space 13312K, 0% used [0x000000077e980000,0x000000077e980000,0x000000077f680000)
 ParOldGen       total 131584K, used 15881K [0x00000006c0000000, 0x00000006c8080000, 0x000000076ab00000)
  object space 131584K, 12% used [0x00000006c0000000,0x00000006c0f82420,0x00000006c8080000)
 Metaspace       used 44364K, capacity 46002K, committed 46080K, reserved 1089536K
  class space    used 5776K, capacity 6122K, committed 6144K, reserved 1048576K
Event: 7.773 GC heap after
Heap after GC invocations=10 (full 2):
 PSYoungGen      total 315392K, used 8489K [0x000000076ab00000, 0x000000077f200000, 0x00000007c0000000)
  eden space 306688K, 0% used [0x000000076ab00000,0x000000076ab00000,0x000000077d680000)
  from space 8704K, 97% used [0x000000077e980000,0x000000077f1ca460,0x000000077f200000)
  to   space 12800K, 0% used [0x000000077d900000,0x000000077d900000,0x000000077e580000)
 ParOldGen       total 131584K, used 15889K [0x00000006c0000000, 0x00000006c8080000, 0x000000076ab00000)
  object space 131584K, 12% used [0x00000006c0000000,0x00000006c0f84420,0x00000006c8080000)
 Metaspace       used 44364K, capacity 46002K, committed 46080K, reserved 1089536K
  class space    used 5776K, capacity 6122K, committed 6144K, reserved 1048576K
}
Event: 33.909 GC heap before
{Heap before GC invocations=11 (full 2):
 PSYoungGen      total 315392K, used 315177K [0x000000076ab00000, 0x000000077f200000, 0x00000007c0000000)
  eden space 306688K, 100% used [0x000000076ab00000,0x000000077d680000,0x000000077d680000)
  from space 8704K, 97% used [0x000000077e980000,0x000000077f1ca460,0x000000077f200000)
  to   space 12800K, 0% used [0x000000077d900000,0x000000077d900000,0x000000077e580000)
 ParOldGen       total 131584K, used 15892K [0x00000006c0000000, 0x00000006c8080000, 0x000000076ab00000)
  object space 131584K, 12% used [0x00000006c0000000,0x00000006c0f85238,0x00000006c8080000)
 Metaspace       used 50864K, capacity 53346K, committed 53504K, reserved 1095680K
  class space    used 6605K, capacity 7158K, committed 7168K, reserved 1048576K
Event: 33.928 GC heap after
Heap after GC invocations=11 (full 2):
 PSYoungGen      total 322048K, used 12796K [0x000000076ab00000, 0x0000000788480000, 0x00000007c0000000)
  eden space 309248K, 0% used [0x000000076ab00000,0x000000076ab00000,0x000000077d900000)
  from space 12800K, 99% used [0x000000077d900000,0x000000077e57f0a8,0x000000077e580000)
  to   space 19456K, 0% used [0x0000000787180000,0x0000000787180000,0x0000000788480000)
 ParOldGen       total 131584K, used 29889K [0x00000006c0000000, 0x00000006c8080000, 0x000000076ab00000)
  object space 131584K, 22% used [0x00000006c0000000,0x00000006c1d306f8,0x00000006c8080000)
 Metaspace       used 50864K, capacity 53346K, committed 53504K, reserved 1095680K
  class space    used 6605K, capacity 7158K, committed 7168K, reserved 1048576K
}
Event: 109.246 GC heap before
{Heap before GC invocations=12 (full 2):
 PSYoungGen      total 322048K, used 322044K [0x000000076ab00000, 0x0000000788480000, 0x00000007c0000000)
  eden space 309248K, 100% used [0x000000076ab00000,0x000000077d900000,0x000000077d900000)
  from space 12800K, 99% used [0x000000077d900000,0x000000077e57f0a8,0x000000077e580000)
  to   space 19456K, 0% used [0x0000000787180000,0x0000000787180000,0x0000000788480000)
 ParOldGen       total 131584K, used 29889K [0x00000006c0000000, 0x00000006c8080000, 0x000000076ab00000)
  object space 131584K, 22% used [0x00000006c0000000,0x00000006c1d306f8,0x00000006c8080000)
 Metaspace       used 55325K, capacity 58294K, committed 58368K, reserved 1099776K
  class space    used 7235K, capacity 7868K, committed 7936K, reserved 1048576K
Event: 109.268 GC heap after
Heap after GC invocations=12 (full 2):
 PSYoungGen      total 458240K, used 19453K [0x000000076ab00000, 0x0000000788980000, 0x00000007c0000000)
  eden space 438784K, 0% used [0x000000076ab00000,0x000000076ab00000,0x0000000785780000)
  from space 19456K, 99% used [0x0000000787180000,0x000000078847f558,0x0000000788480000)
  to   space 25600K, 0% used [0x0000000785780000,0x0000000785780000,0x0000000787080000)
 ParOldGen       total 131584K, used 39980K [0x00000006c0000000, 0x00000006c8080000, 0x000000076ab00000)
  object space 131584K, 30% used [0x00000006c0000000,0x00000006c270b098,0x00000006c8080000)
 Metaspace       used 55325K, capacity 58294K, committed 58368K, reserved 1099776K
  class space    used 7235K, capacity 7868K, committed 7936K, reserved 1048576K
}
Event: 236.535 GC heap before
{Heap before GC invocations=13 (full 2):
 PSYoungGen      total 458240K, used 458237K [0x000000076ab00000, 0x0000000788980000, 0x00000007c0000000)
  eden space 438784K, 100% used [0x000000076ab00000,0x0000000785780000,0x0000000785780000)
  from space 19456K, 99% used [0x0000000787180000,0x000000078847f558,0x0000000788480000)
  to   space 25600K, 0% used [0x0000000785780000,0x0000000785780000,0x0000000787080000)
 ParOldGen       total 131584K, used 39980K [0x00000006c0000000, 0x00000006c8080000, 0x000000076ab00000)
  object space 131584K, 30% used [0x00000006c0000000,0x00000006c270b098,0x00000006c8080000)
 Metaspace       used 56206K, capacity 59378K, committed 59392K, reserved 1101824K
  class space    used 7278K, capacity 7933K, committed 7936K, reserved 1048576K
Event: 236.554 GC heap after
Heap after GC invocations=13 (full 2):
 PSYoungGen      total 464384K, used 10714K [0x000000076ab00000, 0x0000000792a80000, 0x00000007c0000000)
  eden space 438784K, 0% used [0x000000076ab00000,0x000000076ab00000,0x0000000785780000)
  from space 25600K, 41% used [0x0000000785780000,0x00000007861f6820,0x0000000787080000)
  to   space 24576K, 0% used [0x0000000791280000,0x0000000791280000,0x0000000792a80000)
 ParOldGen       total 131584K, used 58773K [0x00000006c0000000, 0x00000006c8080000, 0x000000076ab00000)
  object space 131584K, 44% used [0x00000006c0000000,0x00000006c3965700,0x00000006c8080000)
 Metaspace       used 56206K, capacity 59378K, committed 59392K, reserved 1101824K
  class space    used 7278K, capacity 7933K, committed 7936K, reserved 1048576K
}
Event: 371.107 GC heap before
{Heap before GC invocations=14 (full 2):
 PSYoungGen      total 464384K, used 449498K [0x000000076ab00000, 0x0000000792a80000, 0x00000007c0000000)
  eden space 438784K, 100% used [0x000000076ab00000,0x0000000785780000,0x0000000785780000)
  from space 25600K, 41% used [0x0000000785780000,0x00000007861f6820,0x0000000787080000)
  to   space 24576K, 0% used [0x0000000791280000,0x0000000791280000,0x0000000792a80000)
 ParOldGen       total 131584K, used 58773K [0x00000006c0000000, 0x00000006c8080000, 0x000000076ab00000)
  object space 131584K, 44% used [0x00000006c0000000,0x00000006c3965700,0x00000006c8080000)
 Metaspace       used 56574K, capacity 59704K, committed 59904K, reserved 1101824K
  class space    used 7281K, capacity 7934K, committed 7936K, reserved 1048576K
Event: 371.118 GC heap after
Heap after GC invocations=14 (full 2):
 PSYoungGen      total 595456K, used 7265K [0x000000076ab00000, 0x0000000791a00000, 0x00000007c0000000)
  eden space 587776K, 0% used [0x000000076ab00000,0x000000076ab00000,0x000000078e900000)
  from space 7680K, 94% used [0x0000000791280000,0x0000000791998440,0x0000000791a00000)
  to   space 24576K, 0% used [0x000000078ea00000,0x000000078ea00000,0x0000000790200000)
 ParOldGen       total 131584K, used 63338K [0x00000006c0000000, 0x00000006c8080000, 0x000000076ab00000)
  object space 131584K, 48% used [0x00000006c0000000,0x00000006c3ddaa98,0x00000006c8080000)
 Metaspace       used 56574K, capacity 59704K, committed 59904K, reserved 1101824K
  class space    used 7281K, capacity 7934K, committed 7936K, reserved 1048576K
}

Deoptimization events (10 events):
Event: 133.852 Thread 0x00007ff4b7067800 Uncommon trap: reason=unstable_if action=reinterpret pc=0x000000011703a0d0 method=com.sun.javafx.sg.prism.NGRegion.renderContent(Lcom/sun/prism/Graphics;)V @ 101
Event: 133.854 Thread 0x00007ff4b7067800 Uncommon trap: reason=unstable_if action=reinterpret pc=0x00000001189fc834 method=com.sun.javafx.sg.prism.NGRegion.renderBorderRectangle(Lcom/sun/prism/Graphics;)V @ 502
Event: 158.967 Thread 0x00007ff4c3321800 Uncommon trap: reason=bimorphic action=maybe_recompile pc=0x000000011860ff48 method=java.util.HashMap.removeNode(ILjava/lang/Object;Ljava/lang/Object;ZZ)Ljava/util/HashMap$Node; @ 143
Event: 160.043 Thread 0x00007ff4c3321800 Uncommon trap: reason=class_check action=maybe_recompile pc=0x0000000118f8e7c4 method=org.jsoup.select.Collector$Accumulator.head(Lorg/jsoup/nodes/Node;I)V @ 8
Event: 161.113 Thread 0x00007ff4c3321800 Uncommon trap: reason=class_check action=maybe_recompile pc=0x0000000118f8e7c4 method=org.jsoup.select.Collector$Accumulator.head(Lorg/jsoup/nodes/Node;I)V @ 8
Event: 162.202 Thread 0x00007ff4c3321800 Uncommon trap: reason=class_check action=maybe_recompile pc=0x0000000118f8e7c4 method=org.jsoup.select.Collector$Accumulator.head(Lorg/jsoup/nodes/Node;I)V @ 8
Event: 163.312 Thread 0x00007ff4c3321800 Uncommon trap: reason=class_check action=maybe_recompile pc=0x0000000118f8e7c4 method=org.jsoup.select.Collector$Accumulator.head(Lorg/jsoup/nodes/Node;I)V @ 8
Event: 237.570 Thread 0x00007ff4c3321800 Uncommon trap: reason=unstable_if action=reinterpret pc=0x0000000117dae030 method=sun.nio.cs.UTF_8$Encoder.encodeArrayLoop(Ljava/nio/CharBuffer;Ljava/nio/ByteBuffer;)Ljava/nio/charset/CoderResult; @ 134
Event: 248.440 Thread 0x00007ff4c3321800 Uncommon trap: reason=unstable_if action=reinterpret pc=0x0000000118f5c834 method=org.jsoup.parser.Tokeniser.consumeCharacterReference(Ljava/lang/Character;Z)[I @ 68
Event: 253.661 Thread 0x00007ff4c3321800 Uncommon trap: reason=unstable_if action=reinterpret pc=0x00000001180ce8d0 method=sun.nio.cs.UTF_8$Encoder.encodeArrayLoop(Ljava/nio/CharBuffer;Ljava/nio/ByteBuffer;)Ljava/nio/charset/CoderResult; @ 166

Classes redefined (0 events):
No events

Internal exceptions (10 events):
Event: 49.683 Thread 0x00007ff4b7067800 Implicit null exception at 0x000000011808bb94 to 0x000000011808beb1
Event: 50.859 Thread 0x00007ff4bba1b000 Implicit null exception at 0x00000001175e473b to 0x00000001175e52d5
Event: 55.379 Thread 0x00007ff4b7067800 Implicit null exception at 0x0000000117d60d87 to 0x0000000117d61b09
Event: 56.682 Thread 0x00007ff4b7074000 Exception <a 'java/lang/ClassCastException'> (0x0000000778ee6848) thrown at [/jenkins/workspace/8-2-build-macosx-x86_64/jdk8u271/605/hotspot/src/share/vm/runtime/sharedRuntime.cpp, line 609]
Event: 57.509 Thread 0x00007ff4b7074000 Exception <a 'java/lang/ClassCastException'> (0x000000077976bde8) thrown at [/jenkins/workspace/8-2-build-macosx-x86_64/jdk8u271/605/hotspot/src/share/vm/runtime/sharedRuntime.cpp, line 609]
Event: 124.312 Thread 0x00007ff4b7074000 Exception <a 'java/io/FileNotFoundException'> (0x000000076af8ada8) thrown at [/jenkins/workspace/8-2-build-macosx-x86_64/jdk8u271/605/hotspot/src/share/vm/prims/jni.cpp, line 710]
Event: 127.133 Thread 0x00007ff4b7074000 Exception <a 'java/lang/ClassCastException'> (0x000000076ccde1a0) thrown at [/jenkins/workspace/8-2-build-macosx-x86_64/jdk8u271/605/hotspot/src/share/vm/runtime/sharedRuntime.cpp, line 609]
Event: 128.534 Thread 0x00007ff4b7074000 Exception <a 'java/io/FileNotFoundException'> (0x000000076e129a20) thrown at [/jenkins/workspace/8-2-build-macosx-x86_64/jdk8u271/605/hotspot/src/share/vm/prims/jni.cpp, line 710]
Event: 129.624 Thread 0x00007ff4c3321800 Implicit null exception at 0x0000000118488c94 to 0x000000011848933d
Event: 359.153 Thread 0x00007ff4c3321800 Exception <a 'java/net/SocketTimeoutException': Read timed out> (0x0000000782f23ac8) thrown at [/jenkins/workspace/8-2-build-macosx-x86_64/jdk8u271/605/hotspot/src/share/vm/prims/jni.cpp, line 737]

Events (10 events):
Event: 377.145 Thread 0x00007ff4bf808800 flushing nmethod 0x00000001190e8690
Event: 377.145 Thread 0x00007ff4bf808800 flushing nmethod 0x0000000119101d10
Event: 377.971 Thread 0x00007ff4ba42c000 Thread added: 0x00007ff4ba42c000
Event: 377.971 Thread 0x00007ff4ba42c000 Thread exited: 0x00007ff4ba42c000
Event: 379.047 Thread 0x00007ff4b918c000 Thread added: 0x00007ff4b918c000
Event: 379.048 Thread 0x00007ff4b918c000 Thread exited: 0x00007ff4b918c000
Event: 380.131 Thread 0x00007ff4b7be1800 Thread added: 0x00007ff4b7be1800
Event: 380.131 Thread 0x00007ff4b7be1800 Thread exited: 0x00007ff4b7be1800
Event: 381.282 Thread 0x00007ff4b918c000 Thread added: 0x00007ff4b918c000
Event: 381.282 Thread 0x00007ff4b918c000 Thread exited: 0x00007ff4b918c000


Dynamic libraries:
0x00007fff335c0000 	/System/Library/Frameworks/Cocoa.framework/Versions/A/Cocoa
0x00007fff40db5000 	/System/Library/Frameworks/Security.framework/Versions/A/Security
0x00007fff32525000 	/System/Library/Frameworks/ApplicationServices.framework/Versions/A/ApplicationServices
0x00007fff6d8d8000 	/usr/lib/libz.1.dylib
0x00007fff6b39c000 	/usr/lib/libSystem.B.dylib
0x00007fff34462000 	/System/Library/Frameworks/CoreFoundation.framework/Versions/A/CoreFoundation
0x00007fff36b1f000 	/System/Library/Frameworks/Foundation.framework/Versions/C/Foundation
0x00007fff6d1fc000 	/usr/lib/libobjc.A.dylib
0x00007fff31715000 	/System/Library/Frameworks/AppKit.framework/Versions/C/AppKit
0x00007fff33f44000 	/System/Library/Frameworks/CoreData.framework/Versions/A/CoreData
0x00007fff653b2000 	/System/Library/PrivateFrameworks/UIFoundation.framework/Versions/A/UIFoundation
0x00007fff60446000 	/System/Library/PrivateFrameworks/RemoteViewServices.framework/Versions/A/RemoteViewServices
0x00007fff67f0c000 	/System/Library/PrivateFrameworks/XCTTargetBootstrap.framework/Versions/A/XCTTargetBootstrap
0x00007fff3432f000 	/System/Library/Frameworks/CoreDisplay.framework/Versions/A/CoreDisplay
0x00007fff399d9000 	/System/Library/Frameworks/Metal.framework/Versions/A/Metal
0x00007fff4e449000 	/System/Library/PrivateFrameworks/DesktopServicesPriv.framework/Versions/A/DesktopServicesPriv
0x00007fff6c4d7000 	/usr/lib/liblangid.dylib
0x00007fff4d6de000 	/System/Library/PrivateFrameworks/CoreSVG.framework/Versions/A/CoreSVG
0x00007fff635a2000 	/System/Library/PrivateFrameworks/SkyLight.framework/Versions/A/SkyLight
0x00007fff348e3000 	/System/Library/Frameworks/CoreGraphics.framework/Versions/A/CoreGraphics
0x00007fff300e9000 	/System/Library/Frameworks/Accelerate.framework/Versions/A/Accelerate
0x00007fff6d7c9000 	/usr/lib/libxml2.2.dylib
0x00007fff593d1000 	/System/Library/PrivateFrameworks/IconServices.framework/Versions/A/IconServices
0x00007fff372fe000 	/System/Library/Frameworks/IOSurface.framework/Versions/A/IOSurface
0x00007fff6aec6000 	/usr/lib/libDiagnosticMessagesClient.dylib
0x00007fff4e2a3000 	/System/Library/PrivateFrameworks/DFRFoundation.framework/Versions/A/DFRFoundation
0x00007fff6c266000 	/usr/lib/libicucore.A.dylib
0x00007fff32857000 	/System/Library/Frameworks/AudioToolbox.framework/Versions/A/AudioToolbox
0x00007fff3293a000 	/System/Library/Frameworks/AudioUnit.framework/Versions/A/AudioUnit
0x00007fff6b59e000 	/usr/lib/libauto.dylib
0x00007fff4e345000 	/System/Library/PrivateFrameworks/DataDetectorsCore.framework/Versions/A/DataDetectorsCore
0x00007fff330e1000 	/System/Library/Frameworks/Carbon.framework/Versions/A/Frameworks/HIToolbox.framework/Versions/A/HIToolbox
0x00007fff3ffb1000 	/System/Library/Frameworks/QuartzCore.framework/Versions/A/QuartzCore
0x00007fff33420000 	/System/Library/Frameworks/Carbon.framework/Versions/A/Frameworks/SpeechRecognition.framework/Versions/A/SpeechRecognition
0x00007fff4ddb7000 	/System/Library/PrivateFrameworks/CoreUI.framework/Versions/A/CoreUI
0x00007fff339af000 	/System/Library/Frameworks/CoreAudio.framework/Versions/A/CoreAudio
0x00007fff367de000 	/System/Library/Frameworks/DiskArbitration.framework/Versions/A/DiskArbitration
0x00007fff5b421000 	/System/Library/PrivateFrameworks/MultitouchSupport.framework/Versions/A/MultitouchSupport
0x00007fff6c12d000 	/usr/lib/libenergytrace.dylib
0x00007fff37258000 	/System/Library/Frameworks/IOKit.framework/Versions/A/IOKit
0x00007fff3584a000 	/System/Library/Frameworks/CoreServices.framework/Versions/A/CoreServices
0x00007fff5d5d9000 	/System/Library/PrivateFrameworks/PerformanceAnalysis.framework/Versions/A/PerformanceAnalysis
0x00007fff3efe4000 	/System/Library/Frameworks/OpenGL.framework/Versions/A/OpenGL
0x00007fff335ce000 	/System/Library/Frameworks/ColorSync.framework/Versions/A/ColorSync
0x00007fff34f66000 	/System/Library/Frameworks/CoreImage.framework/Versions/A/CoreImage
0x00007fff362bd000 	/System/Library/Frameworks/CoreText.framework/Versions/A/CoreText
0x00007fff3738e000 	/System/Library/Frameworks/ImageIO.framework/Versions/A/ImageIO
0x00007fff6b682000 	/usr/lib/libc++.1.dylib
0x00007fff6b6fe000 	/usr/lib/libcompression.dylib
0x00007fff6b20a000 	/usr/lib/libMobileGestalt.dylib
0x00007fff6511c000 	/System/Library/PrivateFrameworks/TextureIO.framework/Versions/A/TextureIO
0x00007fff6b501000 	/usr/lib/libate.dylib
0x00007fff595da000 	/System/Library/PrivateFrameworks/InternationalSupport.framework/Versions/A/InternationalSupport
0x00007fff6e199000 	/usr/lib/system/libcache.dylib
0x00007fff6e19f000 	/usr/lib/system/libcommonCrypto.dylib
0x00007fff6e1ab000 	/usr/lib/system/libcompiler_rt.dylib
0x00007fff6e1b3000 	/usr/lib/system/libcopyfile.dylib
0x00007fff6e1bd000 	/usr/lib/system/libcorecrypto.dylib
0x00007fff6e35c000 	/usr/lib/system/libdispatch.dylib
0x00007fff6e39d000 	/usr/lib/system/libdyld.dylib
0x00007fff6e3d4000 	/usr/lib/system/libkeymgr.dylib
0x00007fff6e3e2000 	/usr/lib/system/liblaunch.dylib
0x00007fff6e3e3000 	/usr/lib/system/libmacho.dylib
0x00007fff6e3e9000 	/usr/lib/system/libquarantine.dylib
0x00007fff6e3ec000 	/usr/lib/system/libremovefile.dylib
0x00007fff6e3ee000 	/usr/lib/system/libsystem_asl.dylib
0x00007fff6e406000 	/usr/lib/system/libsystem_blocks.dylib
0x00007fff6e407000 	/usr/lib/system/libsystem_c.dylib
0x00007fff6e48f000 	/usr/lib/system/libsystem_configuration.dylib
0x00007fff6e493000 	/usr/lib/system/libsystem_coreservices.dylib
0x00007fff6e497000 	/usr/lib/system/libsystem_darwin.dylib
0x00007fff6e4a0000 	/usr/lib/system/libsystem_dnssd.dylib
0x00007fff6e4a8000 	/usr/lib/system/libsystem_featureflags.dylib
0x00007fff6e4aa000 	/usr/lib/system/libsystem_info.dylib
0x00007fff6e525000 	/usr/lib/system/libsystem_m.dylib
0x00007fff6e56d000 	/usr/lib/system/libsystem_malloc.dylib
0x00007fff6e595000 	/usr/lib/system/libsystem_networkextension.dylib
0x00007fff6e5a3000 	/usr/lib/system/libsystem_notify.dylib
0x00007fff6e5c1000 	/usr/lib/system/libsystem_sandbox.dylib
0x00007fff6e5c6000 	/usr/lib/system/libsystem_secinit.dylib
0x00007fff6e4f8000 	/usr/lib/system/libsystem_kernel.dylib
0x00007fff6e5ad000 	/usr/lib/system/libsystem_platform.dylib
0x00007fff6e5b6000 	/usr/lib/system/libsystem_pthread.dylib
0x00007fff6e5c9000 	/usr/lib/system/libsystem_symptoms.dylib
0x00007fff6e5d1000 	/usr/lib/system/libsystem_trace.dylib
0x00007fff6e5e9000 	/usr/lib/system/libunwind.dylib
0x00007fff6e5ef000 	/usr/lib/system/libxpc.dylib
0x00007fff6b6d5000 	/usr/lib/libc++abi.dylib
0x00007fff6c4d9000 	/usr/lib/liblzma.5.dylib
0x00007fff6c154000 	/usr/lib/libfakelink.dylib
0x00007fff6b48e000 	/usr/lib/libarchive.2.dylib
0x00007fff41e66000 	/System/Library/Frameworks/SystemConfiguration.framework/Versions/A/SystemConfiguration
0x00007fff6adf9000 	/usr/lib/libCRFSuite.dylib
0x00007fff32cd1000 	/System/Library/Frameworks/CFNetwork.framework/Versions/A/CFNetwork
0x00007fff6b664000 	/usr/lib/libbsm.0.dylib
0x00007fff6e3d5000 	/usr/lib/system/libkxld.dylib
0x00007fff47c20000 	/System/Library/PrivateFrameworks/AppleFSCompression.framework/Versions/A/AppleFSCompression
0x00007fff6b9ef000 	/usr/lib/libcoretls.dylib
0x00007fff6ba06000 	/usr/lib/libcoretls_cfhelpers.dylib
0x00007fff6d242000 	/usr/lib/libpam.2.dylib
0x00007fff6d377000 	/usr/lib/libsqlite3.dylib
0x00007fff6d7b6000 	/usr/lib/libxar.1.dylib
0x00007fff6b675000 	/usr/lib/libbz2.1.0.dylib
0x00007fff6c175000 	/usr/lib/libiconv.2.dylib
0x00007fff6b6eb000 	/usr/lib/libcharset.1.dylib
0x00007fff6ccdf000 	/usr/lib/libnetwork.dylib
0x00007fff6d249000 	/usr/lib/libpcap.A.dylib
0x00007fff6b443000 	/usr/lib/libapple_nghttp2.dylib
0x00007fff35c01000 	/System/Library/Frameworks/CoreServices.framework/Versions/A/Frameworks/FSEvents.framework/Versions/A/FSEvents
0x00007fff358d1000 	/System/Library/Frameworks/CoreServices.framework/Versions/A/Frameworks/CarbonCore.framework/Versions/A/CarbonCore
0x00007fff35e45000 	/System/Library/Frameworks/CoreServices.framework/Versions/A/Frameworks/Metadata.framework/Versions/A/Metadata
0x00007fff35ede000 	/System/Library/Frameworks/CoreServices.framework/Versions/A/Frameworks/OSServices.framework/Versions/A/OSServices
0x00007fff35f0c000 	/System/Library/Frameworks/CoreServices.framework/Versions/A/Frameworks/SearchKit.framework/Versions/A/SearchKit
0x00007fff3584b000 	/System/Library/Frameworks/CoreServices.framework/Versions/A/Frameworks/AE.framework/Versions/A/AE
0x00007fff35c0a000 	/System/Library/Frameworks/CoreServices.framework/Versions/A/Frameworks/LaunchServices.framework/Versions/A/LaunchServices
0x00007fff35bb3000 	/System/Library/Frameworks/CoreServices.framework/Versions/A/Frameworks/DictionaryServices.framework/Versions/A/DictionaryServices
0x00007fff35f74000 	/System/Library/Frameworks/CoreServices.framework/Versions/A/Frameworks/SharedFileList.framework/Versions/A/SharedFileList
0x00007fff3ae03000 	/System/Library/Frameworks/NetFS.framework/Versions/A/NetFS
0x00007fff5b951000 	/System/Library/PrivateFrameworks/NetAuth.framework/Versions/A/NetAuth
0x00007fff682d9000 	/System/Library/PrivateFrameworks/login.framework/Versions/A/Frameworks/loginsupport.framework/Versions/A/loginsupport
0x00007fff64be7000 	/System/Library/PrivateFrameworks/TCC.framework/Versions/A/TCC
0x00007fff4c851000 	/System/Library/PrivateFrameworks/CoreNLP.framework/Versions/A/CoreNLP
0x00007fff5ae4e000 	/System/Library/PrivateFrameworks/MetadataUtilities.framework/Versions/A/MetadataUtilities
0x00007fff6c5b1000 	/usr/lib/libmecabra.dylib
0x00007fff6c509000 	/usr/lib/libmecab.dylib
0x00007fff6c165000 	/usr/lib/libgermantok.dylib
0x00007fff6b42a000 	/usr/lib/libThaiTokenizer.dylib
0x00007fff6ae30000 	/usr/lib/libChineseTokenizer.dylib
0x00007fff30101000 	/System/Library/Frameworks/Accelerate.framework/Versions/A/Frameworks/vImage.framework/Versions/A/vImage
0x00007fff3156b000 	/System/Library/Frameworks/Accelerate.framework/Versions/A/Frameworks/vecLib.framework/Versions/A/vecLib
0x00007fff314a8000 	/System/Library/Frameworks/Accelerate.framework/Versions/A/Frameworks/vecLib.framework/Versions/A/libvMisc.dylib
0x00007fff312d0000 	/System/Library/Frameworks/Accelerate.framework/Versions/A/Frameworks/vecLib.framework/Versions/A/libvDSP.dylib
0x00007fff30758000 	/System/Library/Frameworks/Accelerate.framework/Versions/A/Frameworks/vecLib.framework/Versions/A/libBLAS.dylib
0x00007fff30e94000 	/System/Library/Frameworks/Accelerate.framework/Versions/A/Frameworks/vecLib.framework/Versions/A/libLAPACK.dylib
0x00007fff31230000 	/System/Library/Frameworks/Accelerate.framework/Versions/A/Frameworks/vecLib.framework/Versions/A/libLinearAlgebra.dylib
0x00007fff312bd000 	/System/Library/Frameworks/Accelerate.framework/Versions/A/Frameworks/vecLib.framework/Versions/A/libSparseBLAS.dylib
0x00007fff31246000 	/System/Library/Frameworks/Accelerate.framework/Versions/A/Frameworks/vecLib.framework/Versions/A/libQuadrature.dylib
0x00007fff309c0000 	/System/Library/Frameworks/Accelerate.framework/Versions/A/Frameworks/vecLib.framework/Versions/A/libBNNS.dylib
0x00007fff3124c000 	/System/Library/Frameworks/Accelerate.framework/Versions/A/Frameworks/vecLib.framework/Versions/A/libSparse.dylib
0x00007fff599c2000 	/System/Library/PrivateFrameworks/LanguageModeling.framework/Versions/A/LanguageModeling
0x00007fff4c201000 	/System/Library/PrivateFrameworks/CoreEmoji.framework/Versions/A/CoreEmoji
0x00007fff59ae0000 	/System/Library/PrivateFrameworks/LinguisticData.framework/Versions/A/LinguisticData
0x00007fff59a91000 	/System/Library/PrivateFrameworks/Lexicon.framework/Versions/A/Lexicon
0x00007fff6b6ec000 	/usr/lib/libcmph.dylib
0x00007fff3d9f2000 	/System/Library/Frameworks/OpenDirectory.framework/Versions/A/Frameworks/CFOpenDirectory.framework/Versions/A/CFOpenDirectory
0x00007fff3da0f000 	/System/Library/Frameworks/OpenDirectory.framework/Versions/A/OpenDirectory
0x00007fff45e50000 	/System/Library/PrivateFrameworks/APFS.framework/Versions/A/APFS
0x00007fff410ff000 	/System/Library/Frameworks/SecurityFoundation.framework/Versions/A/SecurityFoundation
0x00007fff6d7b2000 	/usr/lib/libutil.dylib
0x00007fff4d736000 	/System/Library/PrivateFrameworks/CoreServicesStore.framework/Versions/A/CoreServicesStore
0x00007fff411b6000 	/System/Library/Frameworks/ServiceManagement.framework/Versions/A/ServiceManagement
0x00007fff493f0000 	/System/Library/PrivateFrameworks/BackgroundTaskManagement.framework/Versions/A/BackgroundTaskManagement
0x00007fff6d8af000 	/usr/lib/libxslt.1.dylib
0x00007fff48293000 	/System/Library/PrivateFrameworks/AppleSystemInfo.framework/Versions/A/AppleSystemInfo
0x00007fff375a9000 	/System/Library/Frameworks/ImageIO.framework/Versions/A/Resources/libJPEG.dylib
0x00007fff37867000 	/System/Library/Frameworks/ImageIO.framework/Versions/A/Resources/libTIFF.dylib
0x00007fff3784a000 	/System/Library/Frameworks/ImageIO.framework/Versions/A/Resources/libPng.dylib
0x00007fff374eb000 	/System/Library/Frameworks/ImageIO.framework/Versions/A/Resources/libGIF.dylib
0x00007fff374ef000 	/System/Library/Frameworks/ImageIO.framework/Versions/A/Resources/libJP2.dylib
0x00007fff37865000 	/System/Library/Frameworks/ImageIO.framework/Versions/A/Resources/libRadiance.dylib
0x00007fff6c12e000 	/usr/lib/libexpat.1.dylib
0x00007fff47d7b000 	/System/Library/PrivateFrameworks/AppleJPEG.framework/Versions/A/AppleJPEG
0x00007fff50a36000 	/System/Library/PrivateFrameworks/FontServices.framework/libFontParser.dylib
0x00007fff672db000 	/System/Library/PrivateFrameworks/WatchdogClient.framework/Versions/A/WatchdogClient
0x00007fff5901d000 	/System/Library/PrivateFrameworks/IOAccelerator.framework/Versions/A/IOAccelerator
0x00007fff39d74000 	/System/Library/Frameworks/MetalPerformanceShaders.framework/Versions/A/MetalPerformanceShaders
0x00007fff557b3000 	/System/Library/PrivateFrameworks/GPUWrangler.framework/Versions/A/GPUWrangler
0x00007fff59032000 	/System/Library/PrivateFrameworks/IOPresentment.framework/Versions/A/IOPresentment
0x00007fff4e2b6000 	/System/Library/PrivateFrameworks/DSExternalDisplay.framework/Versions/A/DSExternalDisplay
0x00007fff3e383000 	/System/Library/Frameworks/OpenGL.framework/Versions/A/Libraries/libCoreFSCache.dylib
0x00007fff39ac0000 	/System/Library/Frameworks/MetalPerformanceShaders.framework/Frameworks/MPSCore.framework/Versions/A/MPSCore
0x00007fff39afe000 	/System/Library/Frameworks/MetalPerformanceShaders.framework/Frameworks/MPSImage.framework/Versions/A/MPSImage
0x00007fff39bc5000 	/System/Library/Frameworks/MetalPerformanceShaders.framework/Frameworks/MPSNeuralNetwork.framework/Versions/A/MPSNeuralNetwork
0x00007fff39b89000 	/System/Library/Frameworks/MetalPerformanceShaders.framework/Frameworks/MPSMatrix.framework/Versions/A/MPSMatrix
0x00007fff39d24000 	/System/Library/Frameworks/MetalPerformanceShaders.framework/Frameworks/MPSRayIntersector.framework/Versions/A/MPSRayIntersector
0x00007fff39baf000 	/System/Library/Frameworks/MetalPerformanceShaders.framework/Frameworks/MPSNDArray.framework/Versions/A/MPSNDArray
0x00007fff5ae9b000 	/System/Library/PrivateFrameworks/MetalTools.framework/Versions/A/MetalTools
0x00007fff4702a000 	/System/Library/PrivateFrameworks/AggregateDictionary.framework/Versions/A/AggregateDictionary
0x00007fff4bc49000 	/System/Library/PrivateFrameworks/CoreAnalytics.framework/Versions/A/CoreAnalytics
0x00007fff481b2000 	/System/Library/PrivateFrameworks/AppleSauce.framework/Versions/A/AppleSauce
0x00007fff6b0ec000 	/usr/lib/libIOReport.dylib
0x00007fff36475000 	/System/Library/Frameworks/CoreVideo.framework/Versions/A/CoreVideo
0x00007fff56c2c000 	/System/Library/PrivateFrameworks/GraphVisualizer.framework/Versions/A/GraphVisualizer
0x00007fff4ff7c000 	/System/Library/PrivateFrameworks/FaceCore.framework/Versions/A/FaceCore
0x00007fff3d999000 	/System/Library/Frameworks/OpenCL.framework/Versions/A/OpenCL
0x00007fff6af0e000 	/usr/lib/libFosl_dynamic.dylib
0x00007fff5c371000 	/System/Library/PrivateFrameworks/OTSVG.framework/Versions/A/OTSVG
0x00007fff3262a000 	/System/Library/Frameworks/ApplicationServices.framework/Versions/A/Frameworks/ATS.framework/Versions/A/Resources/libFontRegistry.dylib
0x00007fff50c07000 	/System/Library/PrivateFrameworks/FontServices.framework/libhvf.dylib
0x00007fff3e38e000 	/System/Library/Frameworks/OpenGL.framework/Versions/A/Libraries/libGFXShared.dylib
0x00007fff3e56c000 	/System/Library/Frameworks/OpenGL.framework/Versions/A/Libraries/libGLU.dylib
0x00007fff3e397000 	/System/Library/Frameworks/OpenGL.framework/Versions/A/Libraries/libGL.dylib
0x00007fff3e3a2000 	/System/Library/Frameworks/OpenGL.framework/Versions/A/Libraries/libGLImage.dylib
0x00007fff3e380000 	/System/Library/Frameworks/OpenGL.framework/Versions/A/Libraries/libCVMSPluginSupport.dylib
0x00007fff3e389000 	/System/Library/Frameworks/OpenGL.framework/Versions/A/Libraries/libCoreVMClient.dylib
0x00007fff6cb80000 	/usr/lib/libncurses.5.4.dylib
0x00007fff32526000 	/System/Library/Frameworks/ApplicationServices.framework/Versions/A/Frameworks/ATS.framework/Versions/A/ATS
0x00007fff326f3000 	/System/Library/Frameworks/ApplicationServices.framework/Versions/A/Frameworks/ColorSyncLegacy.framework/Versions/A/ColorSyncLegacy
0x00007fff32791000 	/System/Library/Frameworks/ApplicationServices.framework/Versions/A/Frameworks/HIServices.framework/Versions/A/HIServices
0x00007fff327e9000 	/System/Library/Frameworks/ApplicationServices.framework/Versions/A/Frameworks/LangAnalysis.framework/Versions/A/LangAnalysis
0x00007fff327f8000 	/System/Library/Frameworks/ApplicationServices.framework/Versions/A/Frameworks/PrintCore.framework/Versions/A/PrintCore
0x00007fff3283e000 	/System/Library/Frameworks/ApplicationServices.framework/Versions/A/Frameworks/QD.framework/Versions/A/QD
0x00007fff32849000 	/System/Library/Frameworks/ApplicationServices.framework/Versions/A/Frameworks/SpeechSynthesis.framework/Versions/A/SpeechSynthesis
0x00007fff326c3000 	/System/Library/Frameworks/ApplicationServices.framework/Versions/A/Frameworks/ATSUI.framework/Versions/A/ATSUI
0x00007fff6bfc4000 	/usr/lib/libcups.2.dylib
0x00007fff38e0f000 	/System/Library/Frameworks/Kerberos.framework/Versions/A/Kerberos
0x00007fff36f51000 	/System/Library/Frameworks/GSS.framework/Versions/A/GSS
0x00007fff6d303000 	/usr/lib/libresolv.9.dylib
0x00007fff56dd9000 	/System/Library/PrivateFrameworks/Heimdal.framework/Versions/A/Heimdal
0x00007fff38e22000 	/System/Library/Frameworks/Kerberos.framework/Versions/A/Libraries/libHeimdalProxy.dylib
0x00007fff6c16b000 	/usr/lib/libheimdal-asn1.dylib
0x00007fff4b0e1000 	/System/Library/PrivateFrameworks/CommonAuth.framework/Versions/A/CommonAuth
0x00007fff48330000 	/System/Library/PrivateFrameworks/AssertionServices.framework/Versions/A/AssertionServices
0x00007fff48ed3000 	/System/Library/PrivateFrameworks/AudioToolboxCore.framework/Versions/A/AudioToolboxCore
0x00007fff67f89000 	/System/Library/PrivateFrameworks/caulk.framework/Versions/A/caulk
0x00007fff4949c000 	/System/Library/PrivateFrameworks/BaseBoard.framework/Versions/A/BaseBoard
0x00007fff605d4000 	/System/Library/PrivateFrameworks/RunningBoardServices.framework/Versions/A/RunningBoardServices
0x00007fff5d5e5000 	/System/Library/PrivateFrameworks/PersistentConnection.framework/Versions/A/PersistentConnection
0x00007fff5ffcd000 	/System/Library/PrivateFrameworks/ProtocolBuffer.framework/Versions/A/ProtocolBuffer
0x00007fff4b105000 	/System/Library/PrivateFrameworks/CommonUtilities.framework/Versions/A/CommonUtilities
0x00007fff4962a000 	/System/Library/PrivateFrameworks/Bom.framework/Versions/A/Bom
0x00007fff6adbf000 	/usr/lib/libAudioToolboxUtility.dylib
0x00007fff493fa000 	/System/Library/PrivateFrameworks/Backup.framework/Versions/A/Backup
0x00007fff4e1d7000 	/System/Library/PrivateFrameworks/CrashReporterSupport.framework/Versions/A/CrashReporterSupport
0x00007fff62066000 	/System/Library/PrivateFrameworks/Sharing.framework/Versions/A/Sharing
0x00007fff4793e000 	/System/Library/PrivateFrameworks/Apple80211.framework/Versions/A/Apple80211
0x00007fff49117000 	/System/Library/PrivateFrameworks/AuthKit.framework/Versions/A/AuthKit
0x00007fff4dee4000 	/System/Library/PrivateFrameworks/CoreUtils.framework/Versions/A/CoreUtils
0x00007fff364ba000 	/System/Library/Frameworks/CoreWLAN.framework/Versions/A/CoreWLAN
0x00007fff370de000 	/System/Library/Frameworks/IOBluetooth.framework/Versions/A/IOBluetooth
0x00007fff5b1a0000 	/System/Library/PrivateFrameworks/MobileKeyBag.framework/Versions/A/MobileKeyBag
0x00007fff4cce9000 	/System/Library/PrivateFrameworks/CorePhoneNumbers.framework/Versions/A/CorePhoneNumbers
0x00007fff47d2e000 	/System/Library/PrivateFrameworks/AppleIDAuthSupport.framework/Versions/A/AppleIDAuthSupport
0x00007fff3ae10000 	/System/Library/Frameworks/Network.framework/Versions/A/Network
0x00007fff5986e000 	/System/Library/PrivateFrameworks/KeychainCircle.framework/Versions/A/KeychainCircle
0x00007fff33f0b000 	/System/Library/Frameworks/CoreBluetooth.framework/Versions/A/CoreBluetooth
0x00007fff640e5000 	/System/Library/PrivateFrameworks/SpeechRecognitionCore.framework/Versions/A/SpeechRecognitionCore
0x00007fff2752d000 	/System/Library/CoreServices/Encodings/libSimplifiedChineseConverter.dylib
0x000000010b000000 	/Library/Java/JavaVirtualMachines/jdk1.8.0_271.jdk/Contents/Home/jre/lib/server/libjvm.dylib
0x000000010964b000 	/Library/Java/JavaVirtualMachines/jdk1.8.0_271.jdk/Contents/Home/jre/lib/libverify.dylib
0x000000010965c000 	/Library/Java/JavaVirtualMachines/jdk1.8.0_271.jdk/Contents/Home/jre/lib/libjava.dylib
0x0000000109690000 	/Library/Java/JavaVirtualMachines/jdk1.8.0_271.jdk/Contents/Home/jre/lib/libinstrument.dylib
0x00000001096ff000 	/Library/Java/JavaVirtualMachines/jdk1.8.0_271.jdk/Contents/Home/jre/lib/libzip.dylib
0x0000000116272000 	/Library/Java/JavaVirtualMachines/jdk1.8.0_271.jdk/Contents/Home/jre/lib/libnet.dylib
0x0000000116322000 	/Library/Java/JavaVirtualMachines/jdk1.8.0_271.jdk/Contents/Home/jre/lib/libprism_es2.dylib
0x00007fff4d702000 	/System/Library/PrivateFrameworks/CoreServicesInternal.framework/Versions/A/CoreServicesInternal
0x00007fff3eff4000 	/System/Library/Frameworks/OpenGL.framework/Versions/A/Resources/GLEngine.bundle/GLEngine
0x00007fff3e3d7000 	/System/Library/Frameworks/OpenGL.framework/Versions/A/Libraries/libGLProgrammability.dylib
0x00007fff2be5a000 	/System/Library/Extensions/AppleIntelKBLGraphicsGLDriver.bundle/Contents/MacOS/AppleIntelKBLGraphicsGLDriver
0x00007fff557a7000 	/System/Library/PrivateFrameworks/GPUSupport.framework/Versions/A/Libraries/libGPUSupportMercury.dylib
0x00007fff3f16e000 	/System/Library/Frameworks/OpenGL.framework/Versions/A/Resources/GLRendererFloat.bundle/GLRendererFloat
0x00007fff3d990000 	/System/Library/Frameworks/OpenCL.framework/Versions/A/Libraries/libcldcpuengine.dylib
0x00000001167ea000 	/Library/Java/JavaVirtualMachines/jdk1.8.0_271.jdk/Contents/Home/jre/lib/libglass.dylib
0x00007fff369d9000 	/System/Library/Frameworks/FileProvider.framework/Versions/A/FileProvider
0x00007fff3156c000 	/System/Library/Frameworks/Accounts.framework/Versions/A/Accounts
0x00007fff55ad8000 	/System/Library/PrivateFrameworks/GenerationalStorage.framework/Versions/A/GenerationalStorage
0x00007fff4dc89000 	/System/Library/PrivateFrameworks/CoreSymbolication.framework/Versions/A/CoreSymbolication
0x00007fff64927000 	/System/Library/PrivateFrameworks/SymptomDiagnosticReporter.framework/Versions/A/SymptomDiagnosticReporter
0x00007fff47442000 	/System/Library/PrivateFrameworks/AppContainer.framework/Versions/A/AppContainer
0x00007fff6d31d000 	/usr/lib/libsandbox.1.dylib
0x00007fff6627f000 	/System/Library/PrivateFrameworks/UserManagement.framework/Versions/A/UserManagement
0x00007fff4a1e6000 	/System/Library/PrivateFrameworks/ChunkingLibrary.framework/Versions/A/ChunkingLibrary
0x00007fff4e40b000 	/System/Library/PrivateFrameworks/DebugSymbols.framework/Versions/A/DebugSymbols
0x00007fff474b4000 	/System/Library/PrivateFrameworks/AppSandbox.framework/Versions/A/AppSandbox
0x00007fff61ef0000 	/System/Library/PrivateFrameworks/SecCodeWrapper.framework/Versions/A/SecCodeWrapper
0x00007fff6b1d4000 	/usr/lib/libMatch.1.dylib
0x00007fff27554000 	/System/Library/CoreServices/RawCamera.bundle/Contents/MacOS/RawCamera
0x00007fff5afca000 	/System/Library/PrivateFrameworks/MobileAsset.framework/Versions/A/MobileAsset
0x00007fff647cf000 	/System/Library/PrivateFrameworks/StreamingZip.framework/Versions/A/StreamingZip
0x00007fff3928a000 	/System/Library/Frameworks/MediaToolbox.framework/Versions/A/MediaToolbox
0x00007fff4bbf9000 	/System/Library/PrivateFrameworks/CoreAVCHD.framework/Versions/A/CoreAVCHD
0x00007fff391b4000 	/System/Library/Frameworks/MediaAccessibility.framework/Versions/A/MediaAccessibility
0x00007fff5a37e000 	/System/Library/PrivateFrameworks/Mangrove.framework/Versions/A/Mangrove
0x00007fff35682000 	/System/Library/Frameworks/CoreMedia.framework/Versions/A/CoreMedia
0x00007fff5a5ea000 	/System/Library/PrivateFrameworks/MediaExperience.framework/Versions/A/MediaExperience
0x00007fff42160000 	/System/Library/Frameworks/VideoToolbox.framework/Versions/A/VideoToolbox
0x00007fff4b823000 	/System/Library/PrivateFrameworks/CoreAUC.framework/Versions/A/CoreAUC
0x00007fff6d375000 	/usr/lib/libspindump.dylib
0x00007fff48882000 	/System/Library/PrivateFrameworks/AudioResourceArbitration.framework/Versions/A/AudioResourceArbitration
0x00007fff48297000 	/System/Library/PrivateFrameworks/AppleVA.framework/Versions/A/AppleVA
0x00007fff300ea000 	/System/Library/Frameworks/Accelerate.framework/Versions/A/Frameworks/vImage.framework/Versions/A/Libraries/libCGInterfaces.dylib
0x0000000116dd8000 	/usr/lib/libobjc-trampolines.dylib
0x00007fff6704b000 	/System/Library/PrivateFrameworks/ViewBridge.framework/Versions/A/ViewBridge
0x000000012938e000 	/Library/Java/JavaVirtualMachines/jdk1.8.0_271.jdk/Contents/Home/jre/lib/libjavafx_font.dylib
0x000000012939d000 	/Library/Java/JavaVirtualMachines/jdk1.8.0_271.jdk/Contents/Home/jre/lib/libnio.dylib
0x000000012961b000 	/private/var/folders/tx/ng47ndgj2lvgp1x6nhy8jm780000gn/T/libJNativeHook-2.1.0.x86_64.dylib
0x00007fff330dc000 	/System/Library/Frameworks/Carbon.framework/Versions/A/Carbon
0x00007fff330dd000 	/System/Library/Frameworks/Carbon.framework/Versions/A/Frameworks/CommonPanels.framework/Versions/A/CommonPanels
0x00007fff333d6000 	/System/Library/Frameworks/Carbon.framework/Versions/A/Frameworks/Help.framework/Versions/A/Help
0x00007fff333da000 	/System/Library/Frameworks/Carbon.framework/Versions/A/Frameworks/ImageCapture.framework/Versions/A/ImageCapture
0x00007fff333e1000 	/System/Library/Frameworks/Carbon.framework/Versions/A/Frameworks/OpenScripting.framework/Versions/A/OpenScripting
0x00007fff333e0000 	/System/Library/Frameworks/Carbon.framework/Versions/A/Frameworks/Ink.framework/Versions/A/Ink
0x00007fff3341c000 	/System/Library/Frameworks/Carbon.framework/Versions/A/Frameworks/Print.framework/Versions/A/Print
0x00007fff3341d000 	/System/Library/Frameworks/Carbon.framework/Versions/A/Frameworks/SecurityHI.framework/Versions/A/SecurityHI
0x000000012982a000 	/Library/Java/JavaVirtualMachines/jdk1.8.0_271.jdk/Contents/Home/jre/lib/libsunec.dylib
0x00007fff466dd000 	/System/Library/PrivateFrameworks/AccessibilityBundles.framework/Versions/A/AccessibilityBundles
0x0000000129a58000 	/Library/Java/JavaVirtualMachines/jdk1.8.0_271.jdk/Contents/Home/jre/lib/libawt.dylib
0x0000000129af8000 	/Library/Java/JavaVirtualMachines/jdk1.8.0_271.jdk/Contents/Home/jre/lib/libmlib_image.dylib
0x00007fff38df9000 	/System/Library/Frameworks/JavaVM.framework/Versions/A/Frameworks/JavaNativeFoundation.framework/Versions/A/JavaNativeFoundation
0x00007fff38e02000 	/System/Library/Frameworks/JavaVM.framework/Versions/A/Frameworks/JavaRuntimeSupport.framework/Versions/A/JavaRuntimeSupport
0x00007fff38e0a000 	/System/Library/Frameworks/JavaVM.framework/Versions/A/JavaVM
0x00007fff59685000 	/System/Library/PrivateFrameworks/JavaLaunching.framework/Versions/A/JavaLaunching
0x0000000129bb7000 	/Library/Java/JavaVirtualMachines/jdk1.8.0_271.jdk/Contents/Home/jre/lib/libawt_lwawt.dylib
0x0000000129e66000 	/Library/Java/JavaVirtualMachines/jdk1.8.0_271.jdk/Contents/Home/jre/lib/libosxapp.dylib
0x00007fff369ba000 	/System/Library/Frameworks/ExceptionHandling.framework/Versions/A/ExceptionHandling
0x0000000129e86000 	/Library/Java/JavaVirtualMachines/jdk1.8.0_271.jdk/Contents/Home/jre/lib/libfontmanager.dylib
0x00007fff682dc000 	/System/Library/PrivateFrameworks/login.framework/Versions/A/login
0x00007fff50b6e000 	/System/Library/PrivateFrameworks/FontServices.framework/libTrueTypeScaler.dylib
0x00007fff27503000 	/System/Library/CoreServices/Encodings/libKoreanConverter.dylib
0x00007fff274e7000 	/System/Library/CoreServices/Encodings/libJapaneseConverter.dylib
0x000000012b93a000 	/Library/Java/JavaVirtualMachines/jdk1.8.0_271.jdk/Contents/Home/jre/lib/libprism_common.dylib
0x000000018564c000 	/Library/Java/JavaVirtualMachines/jdk1.8.0_271.jdk/Contents/Home/jre/lib/libmanagement.dylib
0x000000018e527000 	/private/var/folders/tx/ng47ndgj2lvgp1x6nhy8jm780000gn/T/sqlite-3.27.2.1-db1d09e9-3979-4b1f-8171-32323620c92c-libsqlitejdbc.jnilib
0x00000001919e4000 	/Library/Java/JavaVirtualMachines/jdk1.8.0_271.jdk/Contents/Home/jre/lib/libjavafx_iio.dylib
0x000000019fbd2000 	/Library/Java/JavaVirtualMachines/jdk1.8.0_271.jdk/Contents/Home/jre/lib/libjfxwebkit.dylib
0x00007fff2ce62000 	/System/Library/Extensions/AppleIntelKBLGraphicsMTLDriver.bundle/Contents/MacOS/AppleIntelKBLGraphicsMTLDriver
0x00007fff540f8000 	/System/Library/PrivateFrameworks/GPUCompiler.framework/Versions/3902/Libraries/libmetal_timestamp.dylib

VM Arguments:
jvm_args: -Dvisualvm.id=8736752343968 -DLOG_LEVEL=debug -javaagent:/Applications/IntelliJ IDEA.app/Contents/lib/idea_rt.jar=61065:/Applications/IntelliJ IDEA.app/Contents/bin -Dfile.encoding=UTF-8 
java_command: com.unclezs.gui.app.App
java_class_path (initial): /Library/Java/JavaVirtualMachines/jdk1.8.0_271.jdk/Contents/Home/jre/lib/charsets.jar:/Library/Java/JavaVirtualMachines/jdk1.8.0_271.jdk/Contents/Home/jre/lib/deploy.jar:/Library/Java/JavaVirtualMachines/jdk1.8.0_271.jdk/Contents/Home/jre/lib/ext/cldrdata.jar:/Library/Java/JavaVirtualMachines/jdk1.8.0_271.jdk/Contents/Home/jre/lib/ext/dnsns.jar:/Library/Java/JavaVirtualMachines/jdk1.8.0_271.jdk/Contents/Home/jre/lib/ext/jaccess.jar:/Library/Java/JavaVirtualMachines/jdk1.8.0_271.jdk/Contents/Home/jre/lib/ext/jfxrt.jar:/Library/Java/JavaVirtualMachines/jdk1.8.0_271.jdk/Contents/Home/jre/lib/ext/localedata.jar:/Library/Java/JavaVirtualMachines/jdk1.8.0_271.jdk/Contents/Home/jre/lib/ext/nashorn.jar:/Library/Java/JavaVirtualMachines/jdk1.8.0_271.jdk/Contents/Home/jre/lib/ext/sunec.jar:/Library/Java/JavaVirtualMachines/jdk1.8.0_271.jdk/Contents/Home/jre/lib/ext/sunjce_provider.jar:/Library/Java/JavaVirtualMachines/jdk1.8.0_271.jdk/Contents/Home/jre/lib/ext/sunpkcs11.jar:/Library/Java/JavaVirtualMachines/jdk1.8.0_271.jdk/Contents/Home/jre/lib/ext/zipfs.jar:/Library/Java/JavaVirtualMachines/jdk1.8.0_271.jdk/Contents/Home/jre/lib/javaws.jar:/Library/Java/JavaVirtualMachines/jdk1.8.0_271.jdk/Contents/Home/jre/lib/jce.jar:/Library/Java/JavaVirtualMachines/jdk1.8.0_271.jdk/Contents/Home/jre/lib/jfr.jar:/Library/Java/JavaVirtualMachines/jdk1.8.0_271.jdk/Contents/Home/jre/lib/jfxswt.jar:/Library/Java/JavaVirtualMachines/jdk1.8.0_271.jdk/Contents/Home/jre/lib/jsse.jar:/Library/Java/JavaVirtualMachines/jdk1.8.0_271.jdk/Contents/Home/jre/lib/management-agent.jar:/Library/Java/JavaVirtualMachines/jdk1.8.0_271.jdk/Contents/Home/jre/lib/plugin.jar:/Library/Java/JavaVirtualMachines/jdk1.8.0_271.jdk/Contents/Home/jre/lib/resources.jar:/Library/Java/JavaVirtualMachines/jdk1.8.0_271.jdk/Contents/Home/jre/lib/rt.jar:/Library/Java/JavaVirtualMachines/jdk1.8.0_271.jdk/Contents/Home/lib/ant-javafx.jar:/Library/Java/JavaVirtualMachines/jdk1.8.0_271.jdk/Contents/Home
Launcher Type: SUN_STANDARD

Environment Variables:
JAVA_HOME=/Library/Java/JavaVirtualMachines/jdk1.8.0_271.jdk/Contents/Home
PATH=/Library/Java/JavaVirtualMachines/jdk1.8.0_271.jdk/Contents/Home/bin:/Users/uncle/bin:/usr/local/bin:/usr/local/bin:/usr/bin:/bin:/usr/sbin:/sbin:/usr/local/MacGPG2/bin
SHELL=/bin/zsh

Signal Handlers:
SIGSEGV: [libjvm.dylib+0x5a0dcb], sa_mask[0]=11111111011111110111111111111111, sa_flags=SA_ONSTACK|SA_RESTART|SA_SIGINFO
SIGBUS: [libjvm.dylib+0x5a0dcb], sa_mask[0]=11111111011111110111111111111111, sa_flags=SA_RESTART|SA_SIGINFO
SIGFPE: [libjvm.dylib+0x491731], sa_mask[0]=11111111011111110111111111111111, sa_flags=SA_RESTART|SA_SIGINFO
SIGPIPE: [libjvm.dylib+0x491731], sa_mask[0]=11111111011111110111111111111111, sa_flags=SA_RESTART|SA_SIGINFO
SIGXFSZ: [libjvm.dylib+0x491731], sa_mask[0]=11111111011111110111111111111111, sa_flags=SA_RESTART|SA_SIGINFO
SIGILL: [libjvm.dylib+0x491731], sa_mask[0]=11111111011111110111111111111111, sa_flags=SA_RESTART|SA_SIGINFO
SIGUSR1: SIG_DFL, sa_mask[0]=00000000000000000000000000000000, sa_flags=none
SIGUSR2: [libjvm.dylib+0x49202a], sa_mask[0]=00100000000000000000000000000000, sa_flags=SA_RESTART|SA_SIGINFO
SIGHUP: [libjvm.dylib+0x490239], sa_mask[0]=11111111011111110111111111111111, sa_flags=SA_RESTART|SA_SIGINFO
SIGINT: [libjvm.dylib+0x490239], sa_mask[0]=11111111011111110111111111111111, sa_flags=SA_RESTART|SA_SIGINFO
SIGTERM: [libjvm.dylib+0x490239], sa_mask[0]=11111111011111110111111111111111, sa_flags=SA_RESTART|SA_SIGINFO
SIGQUIT: [libjvm.dylib+0x490239], sa_mask[0]=11111111011111110111111111111111, sa_flags=SA_RESTART|SA_SIGINFO


---------------  S Y S T E M  ---------------

OS:Bsduname:Darwin 19.6.0 Darwin Kernel Version 19.6.0: Thu Jun 18 20:49:00 PDT 2020; root:xnu-6153.141.1~1/RELEASE_X86_64 x86_64
rlimit: STACK 8192k, CORE 0k, NPROC 2784, NOFILE 10240, AS infinity
load average:1.91 2.10 2.06

CPU:total 12 (initial active 12) (6 cores per cpu, 2 threads per core) family 6 model 158 stepping 10, cmov, cx8, fxsr, mmx, sse, sse2, sse3, ssse3, sse4.1, sse4.2, popcnt, avx, avx2, aes, clmul, erms, 3dnowpref, lzcnt, ht, tsc, tscinvbit, bmi1, bmi2, adx

Memory: 4k page, physical 16777216k(2893216k free)

/proc/meminfo:


vm_info: Java HotSpot(TM) 64-Bit Server VM (25.271-b09) for bsd-amd64 JRE (1.8.0_271-b09), built on Sep 16 2020 16:54:38 by "java_re" with gcc 4.2.1 Compatible Apple LLVM 10.0.0 (clang-1000.11.45.5)

time: Sun Dec 13 15:47:40 2020
timezone: CST
elapsed time: 382.374353 seconds (0d 0h 6m 22s)

